/usr/local/bin/python3.6 /Users/ron/PycharmProjects/PlanetWars/planet_wars/battles/competition.py
Round 1
ETerror-dyBot	dyBot-penguins_bot	penguins_bot-TeamZivBot	TeamZivBot-DreamTeamV1	DreamTeamV1-RhulBot	RhulBot-WizardsBot	WizardsBot-SpacePirateBot	SpacePirateBot-BestBotClass	BestBotClass-dima
run battle between ETerror and dyBot
0.04938271604938271
0.14285714285714285
0.04938271604938271
0.14285714285714285
0.04938271604938271
0.14285714285714285
0.04938271604938271
0.14285714285714285
0.04938271604938271
0.14285714285714285
0.04938271604938271
0.14285714285714285
0.04938271604938271
0.14285714285714285
0.04938271604938271
0.1111111111111111
0.3333333333333333
0.04938271604938271
0.1111111111111111
0.3333333333333333
0.04938271604938271
0.1111111111111111
0.3333333333333333
0.04938271604938271
0.1111111111111111
0.3333333333333333
0.04938271604938271
0.1111111111111111
0.3333333333333333
0.04938271604938271
0.1111111111111111
0.3333333333333333
0.04938271604938271
0.1111111111111111
0.3333333333333333
0.04938271604938271
0.1111111111111111
0.3333333333333333
0.04938271604938271
0.375
0.04938271604938271
0.375
0.04938271604938271
0.375
0.04938271604938271
0.375
0.04938271604938271
0.375
0.04938271604938271
0.375
0.04938271604938271
0.375
0.04938271604938271
0.0684931506849315
0.04938271604938271
0.0684931506849315
0.04938271604938271
0.0684931506849315
0.04938271604938271
0.0684931506849315
0.04938271604938271
0.0684931506849315
0.02857142857142857
0.04
0.0684931506849315
0.02857142857142857
0.04
0.0684931506849315
0.02857142857142857
0.04
0.0684931506849315
0.02857142857142857
0.04
0.0684931506849315
0.02857142857142857
0.04
0.0684931506849315
0.02857142857142857
0.04
0.0684931506849315
0.02857142857142857
0.04
0.0684931506849315
0.02857142857142857
0.0684931506849315
0.02857142857142857
0.0684931506849315
0.021052631578947368
0.0684931506849315
0.021052631578947368
0.0684931506849315
0.021052631578947368
0.0684931506849315
0.021052631578947368
0.0684931506849315
0.021052631578947368
0.0684931506849315
0.021052631578947368
0.0684931506849315
0.021052631578947368
0.0684931506849315
0.021052631578947368
0.0684931506849315
0.021052631578947368
0.0684931506849315
0.021052631578947368
0.0684931506849315
0.021052631578947368
0.0684931506849315
0.021052631578947368
0.0684931506849315
0.0684931506849315
0.0684931506849315
0.0684931506849315
0.0684931506849315
0.0684931506849315
0.0684931506849315
0.0684931506849315
0.0684931506849315
0.021052631578947368
0.021052631578947368
Player 1 Wins
run battle between dyBot and penguins_bot
0.04938271604938271
0.14285714285714285
0.04938271604938271
0.14285714285714285
0.04938271604938271
0.14285714285714285
0.04938271604938271
0.14285714285714285
0.04938271604938271
0.14285714285714285
0.04938271604938271
0.14285714285714285
0.04938271604938271
0.14285714285714285
0.04938271604938271
0.1111111111111111
0.3333333333333333
0.04938271604938271
0.1111111111111111
0.3333333333333333
0.04938271604938271
0.1111111111111111
0.3333333333333333
0.04938271604938271
0.1111111111111111
0.3333333333333333
0.04938271604938271
0.1111111111111111
0.3333333333333333
0.04938271604938271
0.1111111111111111
0.3333333333333333
0.04938271604938271
0.1111111111111111
0.3333333333333333
0.04938271604938271
0.1111111111111111
0.3333333333333333
0.04938271604938271
0.1111111111111111
0.375
0.04938271604938271
0.1111111111111111
0.375
0.04938271604938271
0.1111111111111111
0.375
0.04938271604938271
0.1111111111111111
0.375
0.04938271604938271
0.1111111111111111
0.375
0.04938271604938271
0.1111111111111111
0.375
0.04938271604938271
0.1111111111111111
0.375
0.04938271604938271
0.1111111111111111
0.04938271604938271
0.1111111111111111
0.04938271604938271
0.1111111111111111
0.04938271604938271
0.1111111111111111
0.04938271604938271
0.1111111111111111
0.02857142857142857
0.04
0.1111111111111111
0.02857142857142857
0.04
0.1111111111111111
0.02857142857142857
0.04
0.1111111111111111
0.02857142857142857
0.04
0.1111111111111111
0.02857142857142857
0.04
0.1111111111111111
0.02857142857142857
0.04
0.1111111111111111
0.02857142857142857
0.04
0.1111111111111111
0.02857142857142857
0.1111111111111111
0.02857142857142857
0.1111111111111111
0.02857142857142857
0.1111111111111111
0.02857142857142857
0.1111111111111111
0.021052631578947368
0.1111111111111111
0.021052631578947368
0.1111111111111111
0.021052631578947368
0.1111111111111111
0.021052631578947368
0.1111111111111111
0.021052631578947368
0.1111111111111111
0.021052631578947368
0.1111111111111111
0.021052631578947368
0.1111111111111111
0.021052631578947368
0.1111111111111111
0.021052631578947368
0.1111111111111111
0.021052631578947368
0.1111111111111111
0.021052631578947368
0.1111111111111111
0.021052631578947368
0.1111111111111111
0.021052631578947368
0.1111111111111111
0.021052631578947368
0.1111111111111111
0.14285714285714285
0.14285714285714285
0.14285714285714285
0.14285714285714285
0.14285714285714285
0.14285714285714285
0.14285714285714285
0.14285714285714285
0.14285714285714285
0.14285714285714285
0.14285714285714285
0.14285714285714285
0.14285714285714285
0.14285714285714285
0.14285714285714285
0.14285714285714285
0.021052631578947368
0.0684931506849315
0.021052631578947368
0.0684931506849315
0.0684931506849315
0.0684931506849315
0.0684931506849315
0.0684931506849315
0.0684931506849315
0.0684931506849315
0.0684931506849315
0.0684931506849315
0.0684931506849315
0.0684931506849315
0.0684931506849315
0.0684931506849315
0.0684931506849315
0.0684931506849315
0.0684931506849315
0.0684931506849315
0.0684931506849315
0.0684931506849315
Player 2 Wins
run battle between penguins_bot and TeamZivBot
[<planet_wars.planet_wars.Planet object at 0x7fd7dbdfd748>] 8
[<planet_wars.planet_wars.Planet object at 0x7fd7dbdfdb00>] 8
[<planet_wars.planet_wars.Planet object at 0x7fd7dbdfd6d8>] 8
[<planet_wars.planet_wars.Planet object at 0x7fd7dbdfd4a8>] 10
[<planet_wars.planet_wars.Planet object at 0x7fd7dbdfdd68>] 10
[<planet_wars.planet_wars.Planet object at 0x7fd7dbdfd860>] 10
[<planet_wars.planet_wars.Planet object at 0x7fd7dbdfdc50>] 10
[<planet_wars.planet_wars.Planet object at 0x7fd7dbdfddd8>] 10
[<planet_wars.planet_wars.Planet object at 0x7fd7dbdfdf98>] 10
[<planet_wars.planet_wars.Planet object at 0x7fd7dbdfdc18>] 10
[<planet_wars.planet_wars.Planet object at 0x7fd7dbdfd7b8>] 10
[<planet_wars.planet_wars.Planet object at 0x7fd7dbdfdc18>] 10
[<planet_wars.planet_wars.Planet object at 0x7fd7dbdfde80>, <planet_wars.planet_wars.Planet object at 0x7fd7dbdfd470>, <planet_wars.planet_wars.Planet object at 0x7fd7dbdfd550>, <planet_wars.planet_wars.Planet object at 0x7fd7dbdfd518>, <planet_wars.planet_wars.Planet object at 0x7fd7dbdfdef0>, <planet_wars.planet_wars.Planet object at 0x7fd7dbdfdf28>] 10
[<planet_wars.planet_wars.Planet object at 0x7fd7dbdfdd68>, <planet_wars.planet_wars.Planet object at 0x7fd7dbdfdcf8>, <planet_wars.planet_wars.Planet object at 0x7fd7dbded128>, <planet_wars.planet_wars.Planet object at 0x7fd7dbded198>, <planet_wars.planet_wars.Planet object at 0x7fd7dbdfd7b8>, <planet_wars.planet_wars.Planet object at 0x7fd7dbdfdf98>] 10
[<planet_wars.planet_wars.Planet object at 0x7fd7dbded390>, <planet_wars.planet_wars.Planet object at 0x7fd7dbded198>, <planet_wars.planet_wars.Planet object at 0x7fd7dbded588>, <planet_wars.planet_wars.Planet object at 0x7fd7dbded550>, <planet_wars.planet_wars.Planet object at 0x7fd7dbdfd588>, <planet_wars.planet_wars.Planet object at 0x7fd7dbdfdba8>] 10
[<planet_wars.planet_wars.Planet object at 0x7fd7dbded6a0>, <planet_wars.planet_wars.Planet object at 0x7fd7dbded438>, <planet_wars.planet_wars.Planet object at 0x7fd7dbded128>, <planet_wars.planet_wars.Planet object at 0x7fd7dbded198>, <planet_wars.planet_wars.Planet object at 0x7fd7dbdfd828>, <planet_wars.planet_wars.Planet object at 0x7fd7dbded710>] 10
[<planet_wars.planet_wars.Planet object at 0x7fd7dbded6a0>, <planet_wars.planet_wars.Planet object at 0x7fd7dbded438>, <planet_wars.planet_wars.Planet object at 0x7fd7dbded128>, <planet_wars.planet_wars.Planet object at 0x7fd7dbded198>, <planet_wars.planet_wars.Planet object at 0x7fd7dbded828>, <planet_wars.planet_wars.Planet object at 0x7fd7dbded710>] 10
[<planet_wars.planet_wars.Planet object at 0x7fd7dbded6d8>, <planet_wars.planet_wars.Planet object at 0x7fd7dbded1d0>, <planet_wars.planet_wars.Planet object at 0x7fd7dbded160>, <planet_wars.planet_wars.Planet object at 0x7fd7dbded128>, <planet_wars.planet_wars.Planet object at 0x7fd7dbded860>] 8
[<planet_wars.planet_wars.Planet object at 0x7fd7dbded470>, <planet_wars.planet_wars.Planet object at 0x7fd7dbded080>, <planet_wars.planet_wars.Planet object at 0x7fd7dbdedb38>, <planet_wars.planet_wars.Planet object at 0x7fd7dbded160>, <planet_wars.planet_wars.Planet object at 0x7fd7dbded710>] 6
[<planet_wars.planet_wars.Planet object at 0x7fd7dbded668>, <planet_wars.planet_wars.Planet object at 0x7fd7dbded400>, <planet_wars.planet_wars.Planet object at 0x7fd7dbded198>, <planet_wars.planet_wars.Planet object at 0x7fd7dbded080>, <planet_wars.planet_wars.Planet object at 0x7fd7dbded630>] 3
[<planet_wars.planet_wars.Planet object at 0x7fd7dbded2e8>, <planet_wars.planet_wars.Planet object at 0x7fd7dbded3c8>, <planet_wars.planet_wars.Planet object at 0x7fd7dbded080>, <planet_wars.planet_wars.Planet object at 0x7fd7dbded1d0>, <planet_wars.planet_wars.Planet object at 0x7fd7dbded5c0>] 1
[<planet_wars.planet_wars.Planet object at 0x7fd7dbdfdef0>] 66
[<planet_wars.planet_wars.Planet object at 0x7fd7dbdfd5f8>] 64
[<planet_wars.planet_wars.Planet object at 0x7fd7dbdfd518>, <planet_wars.planet_wars.Planet object at 0x7fd7dbdfd748>, <planet_wars.planet_wars.Planet object at 0x7fd7dbdfdc88>, <planet_wars.planet_wars.Planet object at 0x7fd7dbdfd4a8>, <planet_wars.planet_wars.Planet object at 0x7fd7dbdfdac8>] 10
[<planet_wars.planet_wars.Planet object at 0x7fd7dbdfdfd0>, <planet_wars.planet_wars.Planet object at 0x7fd7dbe000b8>, <planet_wars.planet_wars.Planet object at 0x7fd7dbdfd9b0>, <planet_wars.planet_wars.Planet object at 0x7fd7dbe00240>, <planet_wars.planet_wars.Planet object at 0x7fd7dbdfde80>] 10
[<planet_wars.planet_wars.Planet object at 0x7fd7dbdfd4a8>, <planet_wars.planet_wars.Planet object at 0x7fd7dbe00240>, <planet_wars.planet_wars.Planet object at 0x7fd7dbdfd710>, <planet_wars.planet_wars.Planet object at 0x7fd7dbe00278>] 10
[<planet_wars.planet_wars.Planet object at 0x7fd7dbe005c0>, <planet_wars.planet_wars.Planet object at 0x7fd7dbe00278>, <planet_wars.planet_wars.Planet object at 0x7fd7dbe00630>, <planet_wars.planet_wars.Planet object at 0x7fd7dbe00518>] 10
[<planet_wars.planet_wars.Planet object at 0x7fd7dbe00208>, <planet_wars.planet_wars.Planet object at 0x7fd7dbe00518>, <planet_wars.planet_wars.Planet object at 0x7fd7dbe00550>] 10
[<planet_wars.planet_wars.Planet object at 0x7fd7dbe00550>, <planet_wars.planet_wars.Planet object at 0x7fd7dbe00240>] 10
[<planet_wars.planet_wars.Planet object at 0x7fd7dbe00860>, <planet_wars.planet_wars.Planet object at 0x7fd7dbe00048>] 10
[<planet_wars.planet_wars.Planet object at 0x7fd7dbe007b8>, <planet_wars.planet_wars.Planet object at 0x7fd7dbe00390>] 9
[<planet_wars.planet_wars.Planet object at 0x7fd7dbe00a90>] 8
[<planet_wars.planet_wars.Planet object at 0x7fd7dbe00b38>] 6
[<planet_wars.planet_wars.Planet object at 0x7fd7dbdfddd8>] 2
[<planet_wars.planet_wars.Planet object at 0x7fd7dbdfdcf8>, <planet_wars.planet_wars.Planet object at 0x7fd7dbdfd710>, <planet_wars.planet_wars.Planet object at 0x7fd7dbdfd588>, <planet_wars.planet_wars.Planet object at 0x7fd7dbdfdda0>, <planet_wars.planet_wars.Planet object at 0x7fd7dbdfd898>] 10
[<planet_wars.planet_wars.Planet object at 0x7fd7dbdfdc88>, <planet_wars.planet_wars.Planet object at 0x7fd7dbdfdd30>, <planet_wars.planet_wars.Planet object at 0x7fd7dbdfde10>, <planet_wars.planet_wars.Planet object at 0x7fd7dbdfddd8>] 10
[<planet_wars.planet_wars.Planet object at 0x7fd7dbe00c18>, <planet_wars.planet_wars.Planet object at 0x7fd7dbdfdd68>, <planet_wars.planet_wars.Planet object at 0x7fd7dbdfd780>, <planet_wars.planet_wars.Planet object at 0x7fd7dbdfd940>, <planet_wars.planet_wars.Planet object at 0x7fd7dbdfd898>] 10
[<planet_wars.planet_wars.Planet object at 0x7fd7dbe008d0>, <planet_wars.planet_wars.Planet object at 0x7fd7dbe00860>, <planet_wars.planet_wars.Planet object at 0x7fd7dbdfd5f8>] 10
[<planet_wars.planet_wars.Planet object at 0x7fd7dbe00be0>, <planet_wars.planet_wars.Planet object at 0x7fd7dbe001d0>] 10
[<planet_wars.planet_wars.Planet object at 0x7fd7dbe00be0>, <planet_wars.planet_wars.Planet object at 0x7fd7dbe001d0>] 10
[<planet_wars.planet_wars.Planet object at 0x7fd7dbe00be0>, <planet_wars.planet_wars.Planet object at 0x7fd7dbe001d0>] 10
[<planet_wars.planet_wars.Planet object at 0x7fd7dbe00400>, <planet_wars.planet_wars.Planet object at 0x7fd7dbe00828>] 5
[<planet_wars.planet_wars.Planet object at 0x7fd7dbdfdeb8>] 3
[<planet_wars.planet_wars.Planet object at 0x7fd7dbdfdd30>, <planet_wars.planet_wars.Planet object at 0x7fd7dbdfdbe0>, <planet_wars.planet_wars.Planet object at 0x7fd7dbdfdcc0>, <planet_wars.planet_wars.Planet object at 0x7fd7dbe00630>, <planet_wars.planet_wars.Planet object at 0x7fd7dbdfdf98>, <planet_wars.planet_wars.Planet object at 0x7fd7dbdfde10>, <planet_wars.planet_wars.Planet object at 0x7fd7dbe006d8>, <planet_wars.planet_wars.Planet object at 0x7fd7dbdfdf60>, <planet_wars.planet_wars.Planet object at 0x7fd7dbdfddd8>, <planet_wars.planet_wars.Planet object at 0x7fd7dbdfd518>, <planet_wars.planet_wars.Planet object at 0x7fd7dbe004a8>, <planet_wars.planet_wars.Planet object at 0x7fd7dbdfd9b0>] 10
[<planet_wars.planet_wars.Planet object at 0x7fd7dbe005c0>, <planet_wars.planet_wars.Planet object at 0x7fd7dbe00be0>, <planet_wars.planet_wars.Planet object at 0x7fd7dbe00630>, <planet_wars.planet_wars.Planet object at 0x7fd7dbe002e8>, <planet_wars.planet_wars.Planet object at 0x7fd7dbe008d0>, <planet_wars.planet_wars.Planet object at 0x7fd7dbe006d8>, <planet_wars.planet_wars.Planet object at 0x7fd7dbe00048>, <planet_wars.planet_wars.Planet object at 0x7fd7dbe00668>, <planet_wars.planet_wars.Planet object at 0x7fd7dbe004a8>, <planet_wars.planet_wars.Planet object at 0x7fd7dbdfd7b8>, <planet_wars.planet_wars.Planet object at 0x7fd7dbe00c50>, <planet_wars.planet_wars.Planet object at 0x7fd7dbdfd978>] 10
[<planet_wars.planet_wars.Planet object at 0x7fd7dbe00b70>, <planet_wars.planet_wars.Planet object at 0x7fd7dbe00630>, <planet_wars.planet_wars.Planet object at 0x7fd7dbe001d0>, <planet_wars.planet_wars.Planet object at 0x7fd7dbe00518>, <planet_wars.planet_wars.Planet object at 0x7fd7dbe006d8>, <planet_wars.planet_wars.Planet object at 0x7fd7dbe004a8>, <planet_wars.planet_wars.Planet object at 0x7fd7dbe00c50>, <planet_wars.planet_wars.Planet object at 0x7fd7dbe008d0>, <planet_wars.planet_wars.Planet object at 0x7fd7dbe00048>, <planet_wars.planet_wars.Planet object at 0x7fd7dbe00128>, <planet_wars.planet_wars.Planet object at 0x7fd7dbe007f0>, <planet_wars.planet_wars.Planet object at 0x7fd7dbe00cc0>] 9
[<planet_wars.planet_wars.Planet object at 0x7fd7dbe008d0>, <planet_wars.planet_wars.Planet object at 0x7fd7dbe004a8>, <planet_wars.planet_wars.Planet object at 0x7fd7dbe00048>, <planet_wars.planet_wars.Planet object at 0x7fd7dbe007f0>, <planet_wars.planet_wars.Planet object at 0x7fd7dbe00630>, <planet_wars.planet_wars.Planet object at 0x7fd7dbe001d0>, <planet_wars.planet_wars.Planet object at 0x7fd7dbe00518>, <planet_wars.planet_wars.Planet object at 0x7fd7dbe00be0>, <planet_wars.planet_wars.Planet object at 0x7fd7dbe002e8>, <planet_wars.planet_wars.Planet object at 0x7fd7dbe00208>, <planet_wars.planet_wars.Planet object at 0x7fd7dbe00400>, <planet_wars.planet_wars.Planet object at 0x7fd7dbe005c0>] 8
[<planet_wars.planet_wars.Planet object at 0x7fd7dbe00be0>, <planet_wars.planet_wars.Planet object at 0x7fd7dbe001d0>, <planet_wars.planet_wars.Planet object at 0x7fd7dbe002e8>, <planet_wars.planet_wars.Planet object at 0x7fd7dbe00400>, <planet_wars.planet_wars.Planet object at 0x7fd7dbe004a8>, <planet_wars.planet_wars.Planet object at 0x7fd7dbe00048>, <planet_wars.planet_wars.Planet object at 0x7fd7dbe007f0>, <planet_wars.planet_wars.Planet object at 0x7fd7dbe006d8>, <planet_wars.planet_wars.Planet object at 0x7fd7dbe00c50>, <planet_wars.planet_wars.Planet object at 0x7fd7dbe00cc0>, <planet_wars.planet_wars.Planet object at 0x7fd7dbe00080>, <planet_wars.planet_wars.Planet object at 0x7fd7dbe00668>] 7
[<planet_wars.planet_wars.Planet object at 0x7fd7dbe005c0>, <planet_wars.planet_wars.Planet object at 0x7fd7dbe00be0>, <planet_wars.planet_wars.Planet object at 0x7fd7dbe00630>, <planet_wars.planet_wars.Planet object at 0x7fd7dbe002e8>, <planet_wars.planet_wars.Planet object at 0x7fd7dbe008d0>, <planet_wars.planet_wars.Planet object at 0x7fd7dbe006d8>, <planet_wars.planet_wars.Planet object at 0x7fd7dbe00048>, <planet_wars.planet_wars.Planet object at 0x7fd7dbe00668>, <planet_wars.planet_wars.Planet object at 0x7fd7dbe004a8>, <planet_wars.planet_wars.Planet object at 0x7fd7dbe00a90>, <planet_wars.planet_wars.Planet object at 0x7fd7dbe00c50>] 3
[<planet_wars.planet_wars.Planet object at 0x7fd7dbe00cc0>, <planet_wars.planet_wars.Planet object at 0x7fd7dbe008d0>, <planet_wars.planet_wars.Planet object at 0x7fd7dbe006d8>, <planet_wars.planet_wars.Planet object at 0x7fd7dbe00048>, <planet_wars.planet_wars.Planet object at 0x7fd7dbe00b70>, <planet_wars.planet_wars.Planet object at 0x7fd7dbe00be0>, <planet_wars.planet_wars.Planet object at 0x7fd7dbe001d0>, <planet_wars.planet_wars.Planet object at 0x7fd7dbe005c0>, <planet_wars.planet_wars.Planet object at 0x7fd7dbe00630>, <planet_wars.planet_wars.Planet object at 0x7fd7dbe00898>, <planet_wars.planet_wars.Planet object at 0x7fd7dbe002e8>] 0
[<planet_wars.planet_wars.Planet object at 0x7fd7dbdfd940>, <planet_wars.planet_wars.Planet object at 0x7fd7dbdfdeb8>, <planet_wars.planet_wars.Planet object at 0x7fd7dbdfda58>] 56
[<planet_wars.planet_wars.Planet object at 0x7fd7dbdfdac8>, <planet_wars.planet_wars.Planet object at 0x7fd7dbdfd470>, <planet_wars.planet_wars.Planet object at 0x7fd7dbdfd748>] 56
[<planet_wars.planet_wars.Planet object at 0x7fd7dbdfdcf8>, <planet_wars.planet_wars.Planet object at 0x7fd7dbdfd898>] 33
[<planet_wars.planet_wars.Planet object at 0x7fd7dbdfdb70>, <planet_wars.planet_wars.Planet object at 0x7fd7dbdfd9e8>] 33
[<planet_wars.planet_wars.Planet object at 0x7fd7dbdfd940>, <planet_wars.planet_wars.Planet object at 0x7fd7dbdfdeb8>] 27
[<planet_wars.planet_wars.Planet object at 0x7fd7dbdfdb00>, <planet_wars.planet_wars.Planet object at 0x7fd7dbdfd470>, <planet_wars.planet_wars.Planet object at 0x7fd7dbdfdf60>, <planet_wars.planet_wars.Planet object at 0x7fd7dbe00860>, <planet_wars.planet_wars.Planet object at 0x7fd7dbdfde48>, <planet_wars.planet_wars.Planet object at 0x7fd7dbdfde10>, <planet_wars.planet_wars.Planet object at 0x7fd7dbdfdb38>, <planet_wars.planet_wars.Planet object at 0x7fd7dbe00080>, <planet_wars.planet_wars.Planet object at 0x7fd7dbdfd6d8>, <planet_wars.planet_wars.Planet object at 0x7fd7dbdfd9e8>, <planet_wars.planet_wars.Planet object at 0x7fd7dbe00390>, <planet_wars.planet_wars.Planet object at 0x7fd7dbdfdd30>, <planet_wars.planet_wars.Planet object at 0x7fd7dbdfdb70>, <planet_wars.planet_wars.Planet object at 0x7fd7dbdfd748>] 10
[<planet_wars.planet_wars.Planet object at 0x7fd7dbe00cf8>, <planet_wars.planet_wars.Planet object at 0x7fd7dbe00940>, <planet_wars.planet_wars.Planet object at 0x7fd7dbe00860>, <planet_wars.planet_wars.Planet object at 0x7fd7dbe00278>, <planet_wars.planet_wars.Planet object at 0x7fd7dbe00b00>, <planet_wars.planet_wars.Planet object at 0x7fd7dbe00080>, <planet_wars.planet_wars.Planet object at 0x7fd7dbe00390>, <planet_wars.planet_wars.Planet object at 0x7fd7dbe005f8>, <planet_wars.planet_wars.Planet object at 0x7fd7dbdfdf98>, <planet_wars.planet_wars.Planet object at 0x7fd7dbe00e80>, <planet_wars.planet_wars.Planet object at 0x7fd7dbe00550>, <planet_wars.planet_wars.Planet object at 0x7fd7dbe00b38>, <planet_wars.planet_wars.Planet object at 0x7fd7dbdfdcc0>, <planet_wars.planet_wars.Planet object at 0x7fd7dbe006a0>] 10
[<planet_wars.planet_wars.Planet object at 0x7fd7dbe00860>, <planet_wars.planet_wars.Planet object at 0x7fd7dbe006a0>, <planet_wars.planet_wars.Planet object at 0x7fd7dbe00b38>, <planet_wars.planet_wars.Planet object at 0x7fd7dbe00320>, <planet_wars.planet_wars.Planet object at 0x7fd7dbe00080>, <planet_wars.planet_wars.Planet object at 0x7fd7dbe00390>, <planet_wars.planet_wars.Planet object at 0x7fd7dbe005f8>, <planet_wars.planet_wars.Planet object at 0x7fd7dbe00550>, <planet_wars.planet_wars.Planet object at 0x7fd7dbe00a90>, <planet_wars.planet_wars.Planet object at 0x7fd7dbe00b00>, <planet_wars.planet_wars.Planet object at 0x7fd7dbe00358>, <planet_wars.planet_wars.Planet object at 0x7fd7dbe00278>, <planet_wars.planet_wars.Planet object at 0x7fd7dbe00e48>] 8
[<planet_wars.planet_wars.Planet object at 0x7fd7dbe00390>, <planet_wars.planet_wars.Planet object at 0x7fd7dbe00b00>, <planet_wars.planet_wars.Planet object at 0x7fd7dbe005f8>, <planet_wars.planet_wars.Planet object at 0x7fd7dbe00358>, <planet_wars.planet_wars.Planet object at 0x7fd7dbe00860>, <planet_wars.planet_wars.Planet object at 0x7fd7dbe00b38>, <planet_wars.planet_wars.Planet object at 0x7fd7dbe00278>, <planet_wars.planet_wars.Planet object at 0x7fd7dbe00320>, <planet_wars.planet_wars.Planet object at 0x7fd7dbe00588>, <planet_wars.planet_wars.Planet object at 0x7fd7dbe00cf8>, <planet_wars.planet_wars.Planet object at 0x7fd7dbe006d8>, <planet_wars.planet_wars.Planet object at 0x7fd7dbe00550>, <planet_wars.planet_wars.Planet object at 0x7fd7dbe00940>] 6
[<planet_wars.planet_wars.Planet object at 0x7fd7dbe00860>, <planet_wars.planet_wars.Planet object at 0x7fd7dbe006a0>, <planet_wars.planet_wars.Planet object at 0x7fd7dbe00b38>, <planet_wars.planet_wars.Planet object at 0x7fd7dbe00320>, <planet_wars.planet_wars.Planet object at 0x7fd7dbe00080>, <planet_wars.planet_wars.Planet object at 0x7fd7dbe00390>, <planet_wars.planet_wars.Planet object at 0x7fd7dbe005f8>, <planet_wars.planet_wars.Planet object at 0x7fd7dbe00550>, <planet_wars.planet_wars.Planet object at 0x7fd7dbe00a90>, <planet_wars.planet_wars.Planet object at 0x7fd7dbe00b00>, <planet_wars.planet_wars.Planet object at 0x7fd7dbe00358>, <planet_wars.planet_wars.Planet object at 0x7fd7dbe00278>] 2
Player 2 Wins
run battle between TeamZivBot and DreamTeamV1
[<planet_wars.planet_wars.Planet object at 0x7fd7dbdfb3c8>] 10
[<planet_wars.planet_wars.Planet object at 0x7fd7dbdfb518>] 0
[<planet_wars.planet_wars.Planet object at 0x7fd7dbdfb9b0>] 7
Player TeamZivBot throw exception ZeroDivisionError: division by zero
Player 2 Wins
run battle between DreamTeamV1 and RhulBot
Player 1 Wins
run battle between RhulBot and WizardsBot
Player 2 Wins
run battle between WizardsBot and SpacePirateBot
Player 1 Wins
run battle between SpacePirateBot and BestBotClass
Player 1 Wins
run battle between BestBotClass and dima
Player 2 Wins
Round 2
ETerror-penguins_bot	penguins_bot-TeamZivBot	TeamZivBot-DreamTeamV1	DreamTeamV1-WizardsBot	WizardsBot-SpacePirateBot	SpacePirateBot-dima
run battle between ETerror and penguins_bot
Player 1 Wins
run battle between penguins_bot and TeamZivBot
[<planet_wars.planet_wars.Planet object at 0x7fd7dbe0e438>] 8
[<planet_wars.planet_wars.Planet object at 0x7fd7dbe065c0>] 8
[<planet_wars.planet_wars.Planet object at 0x7fd7dbe06470>] 8
[<planet_wars.planet_wars.Planet object at 0x7fd7dbe067f0>] 10
[<planet_wars.planet_wars.Planet object at 0x7fd7dbe06eb8>] 10
[<planet_wars.planet_wars.Planet object at 0x7fd7dbe0e588>] 10
[<planet_wars.planet_wars.Planet object at 0x7fd7dbe06278>] 10
[<planet_wars.planet_wars.Planet object at 0x7fd7dbe06ba8>] 10
[<planet_wars.planet_wars.Planet object at 0x7fd7dbe06ac8>] 10
[<planet_wars.planet_wars.Planet object at 0x7fd7dbe06518>] 10
[<planet_wars.planet_wars.Planet object at 0x7fd7dbe06630>] 10
[<planet_wars.planet_wars.Planet object at 0x7fd7dbe06b38>] 10
[<planet_wars.planet_wars.Planet object at 0x7fd7dbe06c18>, <planet_wars.planet_wars.Planet object at 0x7fd7dbe06278>, <planet_wars.planet_wars.Planet object at 0x7fd7dbe06cf8>, <planet_wars.planet_wars.Planet object at 0x7fd7dbe06828>, <planet_wars.planet_wars.Planet object at 0x7fd7dbe069e8>, <planet_wars.planet_wars.Planet object at 0x7fd7dbe06358>] 10
[<planet_wars.planet_wars.Planet object at 0x7fd7dbe06470>, <planet_wars.planet_wars.Planet object at 0x7fd7dbe0a588>, <planet_wars.planet_wars.Planet object at 0x7fd7dbe0ac88>, <planet_wars.planet_wars.Planet object at 0x7fd7dbe0aba8>, <planet_wars.planet_wars.Planet object at 0x7fd7dbe06240>, <planet_wars.planet_wars.Planet object at 0x7fd7dbe06ba8>] 10
[<planet_wars.planet_wars.Planet object at 0x7fd7dbe0a128>, <planet_wars.planet_wars.Planet object at 0x7fd7dbe0aba8>, <planet_wars.planet_wars.Planet object at 0x7fd7dbe0aa20>, <planet_wars.planet_wars.Planet object at 0x7fd7dbe0afd0>, <planet_wars.planet_wars.Planet object at 0x7fd7dbe0a518>, <planet_wars.planet_wars.Planet object at 0x7fd7dbe0a550>] 10
[<planet_wars.planet_wars.Planet object at 0x7fd7dbe0aeb8>, <planet_wars.planet_wars.Planet object at 0x7fd7dbe0a8d0>, <planet_wars.planet_wars.Planet object at 0x7fd7dbe0afd0>, <planet_wars.planet_wars.Planet object at 0x7fd7dbe0aef0>, <planet_wars.planet_wars.Planet object at 0x7fd7dbe0a048>, <planet_wars.planet_wars.Planet object at 0x7fd7dbe0a9e8>] 10
[<planet_wars.planet_wars.Planet object at 0x7fd7dbe0a128>, <planet_wars.planet_wars.Planet object at 0x7fd7dbe0aba8>, <planet_wars.planet_wars.Planet object at 0x7fd7dbe0aa20>, <planet_wars.planet_wars.Planet object at 0x7fd7dbe0afd0>, <planet_wars.planet_wars.Planet object at 0x7fd7dbe0a518>, <planet_wars.planet_wars.Planet object at 0x7fd7dbe0a550>] 10
[<planet_wars.planet_wars.Planet object at 0x7fd7dbe0a198>, <planet_wars.planet_wars.Planet object at 0x7fd7dbe0aa20>, <planet_wars.planet_wars.Planet object at 0x7fd7dbe0af28>, <planet_wars.planet_wars.Planet object at 0x7fd7dbe0a2e8>, <planet_wars.planet_wars.Planet object at 0x7fd7dbe0aeb8>] 8
[<planet_wars.planet_wars.Planet object at 0x7fd7dbe0aa20>, <planet_wars.planet_wars.Planet object at 0x7fd7dbe10be0>, <planet_wars.planet_wars.Planet object at 0x7fd7dbe10ba8>, <planet_wars.planet_wars.Planet object at 0x7fd7dbe10b70>, <planet_wars.planet_wars.Planet object at 0x7fd7dbe0a8d0>] 6
[<planet_wars.planet_wars.Planet object at 0x7fd7dbe0aac8>, <planet_wars.planet_wars.Planet object at 0x7fd7dbe0a048>, <planet_wars.planet_wars.Planet object at 0x7fd7dbe0a978>, <planet_wars.planet_wars.Planet object at 0x7fd7dbe0a550>, <planet_wars.planet_wars.Planet object at 0x7fd7dbe0aa58>] 3
[<planet_wars.planet_wars.Planet object at 0x7fd7dbe0a240>, <planet_wars.planet_wars.Planet object at 0x7fd7dbe0af60>, <planet_wars.planet_wars.Planet object at 0x7fd7dbe0a550>, <planet_wars.planet_wars.Planet object at 0x7fd7dbe0a9e8>, <planet_wars.planet_wars.Planet object at 0x7fd7dbe0a8d0>] 1
[<planet_wars.planet_wars.Planet object at 0x7fd7dbe06ac8>] 66
[<planet_wars.planet_wars.Planet object at 0x7fd7dbe06be0>] 64
[<planet_wars.planet_wars.Planet object at 0x7fd7dbe06eb8>, <planet_wars.planet_wars.Planet object at 0x7fd7dbe064e0>, <planet_wars.planet_wars.Planet object at 0x7fd7dbe065c0>, <planet_wars.planet_wars.Planet object at 0x7fd7dbe06b38>, <planet_wars.planet_wars.Planet object at 0x7fd7dbe06f28>] 10
[<planet_wars.planet_wars.Planet object at 0x7fd7dbe06550>, <planet_wars.planet_wars.Planet object at 0x7fd7dbe10550>, <planet_wars.planet_wars.Planet object at 0x7fd7dbe06ba8>, <planet_wars.planet_wars.Planet object at 0x7fd7dbe102b0>, <planet_wars.planet_wars.Planet object at 0x7fd7dbe10b00>] 10
[<planet_wars.planet_wars.Planet object at 0x7fd7dbe10898>, <planet_wars.planet_wars.Planet object at 0x7fd7dbe102b0>, <planet_wars.planet_wars.Planet object at 0x7fd7dbe06cf8>, <planet_wars.planet_wars.Planet object at 0x7fd7dbe102e8>] 10
[<planet_wars.planet_wars.Planet object at 0x7fd7dbe10e10>, <planet_wars.planet_wars.Planet object at 0x7fd7dbe102e8>, <planet_wars.planet_wars.Planet object at 0x7fd7dbe10588>, <planet_wars.planet_wars.Planet object at 0x7fd7dbe10f98>] 10
[<planet_wars.planet_wars.Planet object at 0x7fd7dbe06128>, <planet_wars.planet_wars.Planet object at 0x7fd7dbe0afd0>, <planet_wars.planet_wars.Planet object at 0x7fd7dbe06c18>] 10
[<planet_wars.planet_wars.Planet object at 0x7fd7dbe10b00>, <planet_wars.planet_wars.Planet object at 0x7fd7dbe0a898>] 10
[<planet_wars.planet_wars.Planet object at 0x7fd7dbe10b00>, <planet_wars.planet_wars.Planet object at 0x7fd7dbe0aba8>] 10
[<planet_wars.planet_wars.Planet object at 0x7fd7dbe10b00>, <planet_wars.planet_wars.Planet object at 0x7fd7dbe0afd0>] 9
[<planet_wars.planet_wars.Planet object at 0x7fd7dbe10080>] 8
[<planet_wars.planet_wars.Planet object at 0x7fd7dbe10198>] 6
[<planet_wars.planet_wars.Planet object at 0x7fd7dbe10588>] 2
[<planet_wars.planet_wars.Planet object at 0x7fd7dbe069b0>, <planet_wars.planet_wars.Planet object at 0x7fd7dbe06cf8>, <planet_wars.planet_wars.Planet object at 0x7fd7dbe069e8>, <planet_wars.planet_wars.Planet object at 0x7fd7dbe06550>, <planet_wars.planet_wars.Planet object at 0x7fd7dbe06e80>] 10
[<planet_wars.planet_wars.Planet object at 0x7fd7dbe106a0>, <planet_wars.planet_wars.Planet object at 0x7fd7dbe06208>, <planet_wars.planet_wars.Planet object at 0x7fd7dbe06c18>, <planet_wars.planet_wars.Planet object at 0x7fd7dbe10ba8>] 10
[<planet_wars.planet_wars.Planet object at 0x7fd7dbe106a0>, <planet_wars.planet_wars.Planet object at 0x7fd7dbe102b0>, <planet_wars.planet_wars.Planet object at 0x7fd7dbe06cf8>, <planet_wars.planet_wars.Planet object at 0x7fd7dbe10e10>, <planet_wars.planet_wars.Planet object at 0x7fd7dbe10ba8>] 10
[<planet_wars.planet_wars.Planet object at 0x7fd7dbe10588>, <planet_wars.planet_wars.Planet object at 0x7fd7dbe10cc0>, <planet_wars.planet_wars.Planet object at 0x7fd7dbe100f0>] 10
[<planet_wars.planet_wars.Planet object at 0x7fd7dbe102e8>, <planet_wars.planet_wars.Planet object at 0x7fd7dbe10ba8>] 10
[<planet_wars.planet_wars.Planet object at 0x7fd7dbe065c0>, <planet_wars.planet_wars.Planet object at 0x7fd7dbe06b38>] 10
[<planet_wars.planet_wars.Planet object at 0x7fd7dbe0a320>, <planet_wars.planet_wars.Planet object at 0x7fd7dbe0e940>] 10
[<planet_wars.planet_wars.Planet object at 0x7fd7dbe104e0>, <planet_wars.planet_wars.Planet object at 0x7fd7dbe10c18>] 5
[<planet_wars.planet_wars.Planet object at 0x7fd7dbe06eb8>] 3
[<planet_wars.planet_wars.Planet object at 0x7fd7dbe06710>, <planet_wars.planet_wars.Planet object at 0x7fd7dbe10be0>, <planet_wars.planet_wars.Planet object at 0x7fd7dbe10c50>, <planet_wars.planet_wars.Planet object at 0x7fd7dbe10588>, <planet_wars.planet_wars.Planet object at 0x7fd7dbe10fd0>, <planet_wars.planet_wars.Planet object at 0x7fd7dbe106a0>, <planet_wars.planet_wars.Planet object at 0x7fd7dbe10a58>, <planet_wars.planet_wars.Planet object at 0x7fd7dbe06c18>, <planet_wars.planet_wars.Planet object at 0x7fd7dbe10518>, <planet_wars.planet_wars.Planet object at 0x7fd7dbe06ba8>, <planet_wars.planet_wars.Planet object at 0x7fd7dbe10320>, <planet_wars.planet_wars.Planet object at 0x7fd7dbe06518>] 10
[<planet_wars.planet_wars.Planet object at 0x7fd7dbe10be0>, <planet_wars.planet_wars.Planet object at 0x7fd7dbe10780>, <planet_wars.planet_wars.Planet object at 0x7fd7dbe10588>, <planet_wars.planet_wars.Planet object at 0x7fd7dbe10550>, <planet_wars.planet_wars.Planet object at 0x7fd7dbe10518>, <planet_wars.planet_wars.Planet object at 0x7fd7dbe10a58>, <planet_wars.planet_wars.Planet object at 0x7fd7dbe10080>, <planet_wars.planet_wars.Planet object at 0x7fd7dbe106a0>, <planet_wars.planet_wars.Planet object at 0x7fd7dbe10320>, <planet_wars.planet_wars.Planet object at 0x7fd7dbe10c88>, <planet_wars.planet_wars.Planet object at 0x7fd7dbe10240>, <planet_wars.planet_wars.Planet object at 0x7fd7dbe10c18>] 10
[<planet_wars.planet_wars.Planet object at 0x7fd7dbe10320>, <planet_wars.planet_wars.Planet object at 0x7fd7dbe10240>, <planet_wars.planet_wars.Planet object at 0x7fd7dbe10a90>, <planet_wars.planet_wars.Planet object at 0x7fd7dbe0ac18>, <planet_wars.planet_wars.Planet object at 0x7fd7dbe10550>, <planet_wars.planet_wars.Planet object at 0x7fd7dbe107b8>, <planet_wars.planet_wars.Planet object at 0x7fd7dbe0acc0>, <planet_wars.planet_wars.Planet object at 0x7fd7dbe100f0>, <planet_wars.planet_wars.Planet object at 0x7fd7dbe10b70>, <planet_wars.planet_wars.Planet object at 0x7fd7dbe10c50>, <planet_wars.planet_wars.Planet object at 0x7fd7dbe0a240>, <planet_wars.planet_wars.Planet object at 0x7fd7dbe10780>] 9
[<planet_wars.planet_wars.Planet object at 0x7fd7dbe069b0>, <planet_wars.planet_wars.Planet object at 0x7fd7dbe0a7b8>, <planet_wars.planet_wars.Planet object at 0x7fd7dbe0a1d0>, <planet_wars.planet_wars.Planet object at 0x7fd7dbe0a240>, <planet_wars.planet_wars.Planet object at 0x7fd7dbe0af98>, <planet_wars.planet_wars.Planet object at 0x7fd7dbe0a2e8>, <planet_wars.planet_wars.Planet object at 0x7fd7dbe0ac18>, <planet_wars.planet_wars.Planet object at 0x7fd7dbe06208>, <planet_wars.planet_wars.Planet object at 0x7fd7dbe0a5f8>, <planet_wars.planet_wars.Planet object at 0x7fd7dbe069e8>, <planet_wars.planet_wars.Planet object at 0x7fd7dbe0afd0>, <planet_wars.planet_wars.Planet object at 0x7fd7dbe06550>] 8
[<planet_wars.planet_wars.Planet object at 0x7fd7dbe0a6d8>, <planet_wars.planet_wars.Planet object at 0x7fd7dbe0a2e8>, <planet_wars.planet_wars.Planet object at 0x7fd7dbe0a5f8>, <planet_wars.planet_wars.Planet object at 0x7fd7dbe0afd0>, <planet_wars.planet_wars.Planet object at 0x7fd7dbe0a7b8>, <planet_wars.planet_wars.Planet object at 0x7fd7dbe0a1d0>, <planet_wars.planet_wars.Planet object at 0x7fd7dbe0a240>, <planet_wars.planet_wars.Planet object at 0x7fd7dbe0a710>, <planet_wars.planet_wars.Planet object at 0x7fd7dbe0acc0>, <planet_wars.planet_wars.Planet object at 0x7fd7dbe06be0>, <planet_wars.planet_wars.Planet object at 0x7fd7dbe0aba8>, <planet_wars.planet_wars.Planet object at 0x7fd7dbe0a160>] 7
[<planet_wars.planet_wars.Planet object at 0x7fd7dbe0ae10>, <planet_wars.planet_wars.Planet object at 0x7fd7dbe0aa90>, <planet_wars.planet_wars.Planet object at 0x7fd7dbe0a710>, <planet_wars.planet_wars.Planet object at 0x7fd7dbe0a1d0>, <planet_wars.planet_wars.Planet object at 0x7fd7dbe0aac8>, <planet_wars.planet_wars.Planet object at 0x7fd7dbe0a6d8>, <planet_wars.planet_wars.Planet object at 0x7fd7dbe0a2e8>, <planet_wars.planet_wars.Planet object at 0x7fd7dbe0aa20>, <planet_wars.planet_wars.Planet object at 0x7fd7dbe0af98>, <planet_wars.planet_wars.Planet object at 0x7fd7dbe108d0>, <planet_wars.planet_wars.Planet object at 0x7fd7dbe0a5f8>] 3
[<planet_wars.planet_wars.Planet object at 0x7fd7dbe0a358>, <planet_wars.planet_wars.Planet object at 0x7fd7dbe0aac8>, <planet_wars.planet_wars.Planet object at 0x7fd7dbe0a6d8>, <planet_wars.planet_wars.Planet object at 0x7fd7dbe0a2e8>, <planet_wars.planet_wars.Planet object at 0x7fd7dbe0a160>, <planet_wars.planet_wars.Planet object at 0x7fd7dbe0aa90>, <planet_wars.planet_wars.Planet object at 0x7fd7dbe0a7b8>, <planet_wars.planet_wars.Planet object at 0x7fd7dbe0ae10>, <planet_wars.planet_wars.Planet object at 0x7fd7dbe0a710>, <planet_wars.planet_wars.Planet object at 0x7fd7dbe0aba8>, <planet_wars.planet_wars.Planet object at 0x7fd7dbe0a1d0>] 0
[<planet_wars.planet_wars.Planet object at 0x7fd7dbe107b8>, <planet_wars.planet_wars.Planet object at 0x7fd7dbe108d0>, <planet_wars.planet_wars.Planet object at 0x7fd7dbe102e8>] 56
[<planet_wars.planet_wars.Planet object at 0x7fd7dbe10198>, <planet_wars.planet_wars.Planet object at 0x7fd7dbe10c18>, <planet_wars.planet_wars.Planet object at 0x7fd7dbe10fd0>] 56
[<planet_wars.planet_wars.Planet object at 0x7fd7dbe106a0>, <planet_wars.planet_wars.Planet object at 0x7fd7dbe10b38>] 33
[<planet_wars.planet_wars.Planet object at 0x7fd7dbe10a90>, <planet_wars.planet_wars.Planet object at 0x7fd7dbe10cc0>] 33
[<planet_wars.planet_wars.Planet object at 0x7fd7dbe10208>, <planet_wars.planet_wars.Planet object at 0x7fd7dbe10748>] 27
[<planet_wars.planet_wars.Planet object at 0x7fd7dbe10c18>, <planet_wars.planet_wars.Planet object at 0x7fd7dbe10198>, <planet_wars.planet_wars.Planet object at 0x7fd7dbe10fd0>, <planet_wars.planet_wars.Planet object at 0x7fd7dbe06780>, <planet_wars.planet_wars.Planet object at 0x7fd7dbe10748>, <planet_wars.planet_wars.Planet object at 0x7fd7dbe104e0>, <planet_wars.planet_wars.Planet object at 0x7fd7dbe069b0>, <planet_wars.planet_wars.Planet object at 0x7fd7dbe065c0>, <planet_wars.planet_wars.Planet object at 0x7fd7dbe10be0>, <planet_wars.planet_wars.Planet object at 0x7fd7dbe10e10>, <planet_wars.planet_wars.Planet object at 0x7fd7dbe06b38>, <planet_wars.planet_wars.Planet object at 0x7fd7dbe06208>, <planet_wars.planet_wars.Planet object at 0x7fd7dbe10358>, <planet_wars.planet_wars.Planet object at 0x7fd7dbe10c88>] 10
[<planet_wars.planet_wars.Planet object at 0x7fd7dbe06208>, <planet_wars.planet_wars.Planet object at 0x7fd7dbe06f28>, <planet_wars.planet_wars.Planet object at 0x7fd7dbe06780>, <planet_wars.planet_wars.Planet object at 0x7fd7dbe064e0>, <planet_wars.planet_wars.Planet object at 0x7fd7dbe069b0>, <planet_wars.planet_wars.Planet object at 0x7fd7dbe065c0>, <planet_wars.planet_wars.Planet object at 0x7fd7dbe06b38>, <planet_wars.planet_wars.Planet object at 0x7fd7dbe06550>, <planet_wars.planet_wars.Planet object at 0x7fd7dbe10550>, <planet_wars.planet_wars.Planet object at 0x7fd7dbe062b0>, <planet_wars.planet_wars.Planet object at 0x7fd7dbe06128>, <planet_wars.planet_wars.Planet object at 0x7fd7dbe06dd8>, <planet_wars.planet_wars.Planet object at 0x7fd7dbe069e8>, <planet_wars.planet_wars.Planet object at 0x7fd7dbe06cf8>] 10
[<planet_wars.planet_wars.Planet object at 0x7fd7dbe06828>, <planet_wars.planet_wars.Planet object at 0x7fd7dbe06dd8>, <planet_wars.planet_wars.Planet object at 0x7fd7dbe0a898>, <planet_wars.planet_wars.Planet object at 0x7fd7dbe0a588>, <planet_wars.planet_wars.Planet object at 0x7fd7dbe06128>, <planet_wars.planet_wars.Planet object at 0x7fd7dbe0a8d0>, <planet_wars.planet_wars.Planet object at 0x7fd7dbe0a3c8>, <planet_wars.planet_wars.Planet object at 0x7fd7dbe0a6a0>, <planet_wars.planet_wars.Planet object at 0x7fd7dbe069b0>, <planet_wars.planet_wars.Planet object at 0x7fd7dbe06550>, <planet_wars.planet_wars.Planet object at 0x7fd7dbe0aef0>, <planet_wars.planet_wars.Planet object at 0x7fd7dbe0af28>, <planet_wars.planet_wars.Planet object at 0x7fd7dbe065c0>] 8
[<planet_wars.planet_wars.Planet object at 0x7fd7dbe0a8d0>, <planet_wars.planet_wars.Planet object at 0x7fd7dbe0afd0>, <planet_wars.planet_wars.Planet object at 0x7fd7dbe0a3c8>, <planet_wars.planet_wars.Planet object at 0x7fd7dbe0aef0>, <planet_wars.planet_wars.Planet object at 0x7fd7dbe0a320>, <planet_wars.planet_wars.Planet object at 0x7fd7dbe0a898>, <planet_wars.planet_wars.Planet object at 0x7fd7dbe0af28>, <planet_wars.planet_wars.Planet object at 0x7fd7dbe0a588>, <planet_wars.planet_wars.Planet object at 0x7fd7dbe107b8>, <planet_wars.planet_wars.Planet object at 0x7fd7dbe0aba8>, <planet_wars.planet_wars.Planet object at 0x7fd7dbe0aa20>, <planet_wars.planet_wars.Planet object at 0x7fd7dbe0a6a0>, <planet_wars.planet_wars.Planet object at 0x7fd7dbe10b70>] 6
[<planet_wars.planet_wars.Planet object at 0x7fd7dbe0ac50>, <planet_wars.planet_wars.Planet object at 0x7fd7dbe0ab70>, <planet_wars.planet_wars.Planet object at 0x7fd7dbe0a8d0>, <planet_wars.planet_wars.Planet object at 0x7fd7dbe0a6a0>, <planet_wars.planet_wars.Planet object at 0x7fd7dbe0aba8>, <planet_wars.planet_wars.Planet object at 0x7fd7dbe0a320>, <planet_wars.planet_wars.Planet object at 0x7fd7dbe0a898>, <planet_wars.planet_wars.Planet object at 0x7fd7dbe0af28>, <planet_wars.planet_wars.Planet object at 0x7fd7dbe06be0>, <planet_wars.planet_wars.Planet object at 0x7fd7dbe0ab38>, <planet_wars.planet_wars.Planet object at 0x7fd7dbe0a588>, <planet_wars.planet_wars.Planet object at 0x7fd7dbe0a3c8>] 2
Player 2 Wins
run battle between TeamZivBot and DreamTeamV1
[<planet_wars.planet_wars.Planet object at 0x7fd7dbe06e80>] 10
[<planet_wars.planet_wars.Planet object at 0x7fd7dbe06f98>] 0
[<planet_wars.planet_wars.Planet object at 0x7fd7dbe06240>] 7
Player TeamZivBot throw exception ZeroDivisionError: division by zero
Player 2 Wins
run battle between DreamTeamV1 and WizardsBot
Player 2 Wins
run battle between WizardsBot and SpacePirateBot
Player 1 Wins
run battle between SpacePirateBot and dima
Player 2 Wins
Round 3
ETerror-TeamZivBot	TeamZivBot-DreamTeamV1	DreamTeamV1-WizardsBot	WizardsBot-dima
run battle between ETerror and TeamZivBot
[<planet_wars.planet_wars.Planet object at 0x7fd7dbe19908>, <planet_wars.planet_wars.Planet object at 0x7fd7dbe19940>] 1
[<planet_wars.planet_wars.Planet object at 0x7fd7dbe199b0>, <planet_wars.planet_wars.Planet object at 0x7fd7dbe19160>] 1
[<planet_wars.planet_wars.Planet object at 0x7fd7dbe19940>] 1
[<planet_wars.planet_wars.Planet object at 0x7fd7dbe19908>] 1
[<planet_wars.planet_wars.Planet object at 0x7fd7dbe19a20>] 1
[<planet_wars.planet_wars.Planet object at 0x7fd7dbe19e10>] 0
[<planet_wars.planet_wars.Planet object at 0x7fd7dbe19e80>, <planet_wars.planet_wars.Planet object at 0x7fd7dbe199b0>] 1
[<planet_wars.planet_wars.Planet object at 0x7fd7dbe19b38>] 1
[<planet_wars.planet_wars.Planet object at 0x7fd7dbe192b0>] 1
[<planet_wars.planet_wars.Planet object at 0x7fd7dbe19198>] 1
[<planet_wars.planet_wars.Planet object at 0x7fd7dbe13c18>] 25
[<planet_wars.planet_wars.Planet object at 0x7fd7dbe13860>] 25
[<planet_wars.planet_wars.Planet object at 0x7fd7dbe19ef0>] 25
[<planet_wars.planet_wars.Planet object at 0x7fd7dbe13f98>] 25
[<planet_wars.planet_wars.Planet object at 0x7fd7dbe130f0>, <planet_wars.planet_wars.Planet object at 0x7fd7dbe19ba8>, <planet_wars.planet_wars.Planet object at 0x7fd7dbe19550>] 25
[<planet_wars.planet_wars.Planet object at 0x7fd7dbe13be0>, <planet_wars.planet_wars.Planet object at 0x7fd7dbe13ba8>] 25
[<planet_wars.planet_wars.Planet object at 0x7fd7dbe13358>, <planet_wars.planet_wars.Planet object at 0x7fd7dbe13160>] 25
[<planet_wars.planet_wars.Planet object at 0x7fd7dbe132e8>, <planet_wars.planet_wars.Planet object at 0x7fd7dbe13240>] 25
[<planet_wars.planet_wars.Planet object at 0x7fd7dbe132e8>] 9
[<planet_wars.planet_wars.Planet object at 0x7fd7dbe19a58>, <planet_wars.planet_wars.Planet object at 0x7fd7dbe198d0>] 1
[<planet_wars.planet_wars.Planet object at 0x7fd7dbe19780>, <planet_wars.planet_wars.Planet object at 0x7fd7dbe192b0>] 1
[<planet_wars.planet_wars.Planet object at 0x7fd7dbe19780>] 1
[<planet_wars.planet_wars.Planet object at 0x7fd7dbe19128>] 1
[<planet_wars.planet_wars.Planet object at 0x7fd7dbe13240>] 1
[<planet_wars.planet_wars.Planet object at 0x7fd7dbe13208>] 1
[<planet_wars.planet_wars.Planet object at 0x7fd7dbe13b00>] 1
[<planet_wars.planet_wars.Planet object at 0x7fd7dbe13198>] 32
[<planet_wars.planet_wars.Planet object at 0x7fd7dbe196d8>] 1
[<planet_wars.planet_wars.Planet object at 0x7fd7dbe19940>, <planet_wars.planet_wars.Planet object at 0x7fd7dbe19470>] 1
[<planet_wars.planet_wars.Planet object at 0x7fd7dbe19940>, <planet_wars.planet_wars.Planet object at 0x7fd7dbe19470>] 1
[<planet_wars.planet_wars.Planet object at 0x7fd7dbe197f0>, <planet_wars.planet_wars.Planet object at 0x7fd7dbe19a20>, <planet_wars.planet_wars.Planet object at 0x7fd7dbe19f60>] 1
[<planet_wars.planet_wars.Planet object at 0x7fd7dbe19ba8>] 1
[<planet_wars.planet_wars.Planet object at 0x7fd7dbe19e10>] 1
[<planet_wars.planet_wars.Planet object at 0x7fd7dbe195f8>] 1
[<planet_wars.planet_wars.Planet object at 0x7fd7dbe19f28>] 1
[<planet_wars.planet_wars.Planet object at 0x7fd7dbe199b0>] 1
[<planet_wars.planet_wars.Planet object at 0x7fd7dbe19c50>] 14
[<planet_wars.planet_wars.Planet object at 0x7fd7dbe195f8>] 1
Player 1 Wins
run battle between TeamZivBot and DreamTeamV1
[<planet_wars.planet_wars.Planet object at 0x7fd7dbe19b38>] 10
[<planet_wars.planet_wars.Planet object at 0x7fd7dbe19710>] 0
[<planet_wars.planet_wars.Planet object at 0x7fd7dbe19f28>] 7
Player TeamZivBot throw exception ZeroDivisionError: division by zero
Player 2 Wins
run battle between DreamTeamV1 and WizardsBot
Player 2 Wins
run battle between WizardsBot and dima
Player 1 Wins
Round 4
ETerror-DreamTeamV1	DreamTeamV1-WizardsBot
run battle between ETerror and DreamTeamV1
Player 1 Wins
run battle between DreamTeamV1 and WizardsBot
Player 2 Wins
Round 5
ETerror-WizardsBot
run battle between ETerror and WizardsBot
Player 1 Wins
Winner is ETerror




Tournament Summary:


ETerror-dyBot	dyBot-penguins_bot	penguins_bot-TeamZivBot	TeamZivBot-DreamTeamV1	DreamTeamV1-RhulBot	RhulBot-WizardsBot	WizardsBot-SpacePirateBot	SpacePirateBot-BestBotClass	BestBotClass-dima
 ETerror	penguins_bot	TeamZivBot	DreamTeamV1	DreamTeamV1	WizardsBot	WizardsBot	SpacePirateBot	dima
ETerror-penguins_bot	penguins_bot-TeamZivBot	TeamZivBot-DreamTeamV1	DreamTeamV1-WizardsBot	WizardsBot-SpacePirateBot	SpacePirateBot-dima
 ETerror	TeamZivBot	DreamTeamV1	WizardsBot	WizardsBot	dima
ETerror-TeamZivBot	TeamZivBot-DreamTeamV1	DreamTeamV1-WizardsBot	WizardsBot-dima
 ETerror	DreamTeamV1	WizardsBot	WizardsBot
ETerror-DreamTeamV1	DreamTeamV1-WizardsBot
 ETerror	WizardsBot
ETerror-WizardsBot
 ETerror
            player_1_name   player_2_name  winner   finish_state  player_1_score  player_2_score  turns                            description_for_display
battle_id
1                 ETerror           dyBot       1  Player 1 Wins            7912             989    200  13.0,13.0,0,36,4:3.7820839879289565,12.5713199...
2                   dyBot    penguins_bot       2  Player 2 Wins            3117            3243    200  13.0,13.0,0,36,4:3.7820839879289565,12.5713199...
3            penguins_bot      TeamZivBot       2  Player 2 Wins               0            2634    129  13.0,13.0,0,36,4:3.7820839879289565,12.5713199...
4              TeamZivBot     DreamTeamV1       2  Player 2 Wins             124             231     30  13.0,13.0,0,36,4:3.7820839879289565,12.5713199...
5             DreamTeamV1         RhulBot       1  Player 1 Wins            1503               0     84  13.0,13.0,0,36,4:3.7820839879289565,12.5713199...
6                 RhulBot      WizardsBot       2  Player 2 Wins               0            2511    141  13.0,13.0,0,36,4:3.7820839879289565,12.5713199...
7              WizardsBot  SpacePirateBot       1  Player 1 Wins            3060               0    142  13.0,13.0,0,36,4:3.7820839879289565,12.5713199...
8          SpacePirateBot    BestBotClass       1  Player 1 Wins            4255             104    200  13.0,13.0,0,36,4:3.7820839879289565,12.5713199...
9            BestBotClass            dima       2  Player 2 Wins               0            1479    105  13.0,13.0,0,36,4:3.7820839879289565,12.5713199...
10                ETerror    penguins_bot       1  Player 1 Wins            2471               0    124  13.0,13.0,0,36,4:3.7820839879289565,12.5713199...
11           penguins_bot      TeamZivBot       2  Player 2 Wins               0            2634    129  13.0,13.0,0,36,4:3.7820839879289565,12.5713199...
12             TeamZivBot     DreamTeamV1       2  Player 2 Wins             124             231     30  13.0,13.0,0,36,4:3.7820839879289565,12.5713199...
13            DreamTeamV1      WizardsBot       2  Player 2 Wins               0            1168    100  13.0,13.0,0,36,4:3.7820839879289565,12.5713199...
14             WizardsBot  SpacePirateBot       1  Player 1 Wins            3060               0    142  13.0,13.0,0,36,4:3.7820839879289565,12.5713199...
15         SpacePirateBot            dima       2  Player 2 Wins               0            2662    185  13.0,13.0,0,36,4:3.7820839879289565,12.5713199...
16                ETerror      TeamZivBot       1  Player 1 Wins            1785               0     84  13.0,13.0,0,36,4:3.7820839879289565,12.5713199...
17             TeamZivBot     DreamTeamV1       2  Player 2 Wins             124             231     30  13.0,13.0,0,36,4:3.7820839879289565,12.5713199...
18            DreamTeamV1      WizardsBot       2  Player 2 Wins               0            1168    100  13.0,13.0,0,36,4:3.7820839879289565,12.5713199...
19             WizardsBot            dima       1  Player 1 Wins            1844               0    124  13.0,13.0,0,36,4:3.7820839879289565,12.5713199...
20                ETerror     DreamTeamV1       1  Player 1 Wins            1186               0    139  13.0,13.0,0,36,4:3.7820839879289565,12.5713199...
21            DreamTeamV1      WizardsBot       2  Player 2 Wins               0            1168    100  13.0,13.0,0,36,4:3.7820839879289565,12.5713199...
22                ETerror      WizardsBot       1  Player 1 Wins            1688               0    135  13.0,13.0,0,36,4:3.7820839879289565,12.5713199...

Process finished with exit code 0
